<?xml version="1.0" encoding="UTF-8"?>
<!-- Generated by org.testng.reporters.JUnitXMLReporter -->
<testsuite hostname="Prajaktas-MacBook-Pro.local" name="Command line test" tests="5" failures="0" timestamp="20 May 2021 10:32:44 GMT" time="0.011" errors="0">
  <testcase name="@BeforeSuite init" time="0.0" classname="com.ibm.testScripts.SendMailTest">
    <failure type="java.lang.NullPointerException">
      <![CDATA[java.lang.NullPointerException
	at com.ibm.testUtility.TestBase.init(TestBase.java:32)
... Removed 28 stack frames]]>
    </failure>
  </testcase> <!-- @BeforeSuite init -->
  <testcase name="@BeforeClass startTest" time="0.0" classname="com.ibm.testScripts.CurrencyConvertorTest">
    <skipped/>
  </testcase> <!-- @BeforeClass startTest -->
  <testcase name="captureScreenShot" time="0.0" classname="com.ibm.testScripts.CurrencyConvertorTest">
    <skipped/>
  </testcase> <!-- captureScreenShot -->
  <testcase name="calculateFDTest" time="0.0" classname="com.ibm.testScripts.FDTest">
    <skipped/>
  </testcase> <!-- calculateFDTest -->
  <testcase name="checkForData" time="0.0" classname="com.ibm.testScripts.MutualFundTest">
    <skipped/>
  </testcase> <!-- checkForData -->
  <testcase name="sendMail" time="0.0" classname="com.ibm.testScripts.SendMailTest">
    <skipped/>
  </testcase> <!-- sendMail -->
  <testcase name="listCreateTest" time="0.0" classname="com.ibm.testScripts.TopGainerTest">
    <skipped/>
  </testcase> <!-- listCreateTest -->
</testsuite> <!-- Command line test -->
