<?xml version="1.0" encoding="UTF-8"?>
<testng-results skipped="5" failed="0" total="5" passed="0">
  <reporter-output>
  </reporter-output>
  <suite name="Command line suite" duration-ms="11" started-at="2021-05-20T10:32:39Z" finished-at="2021-05-20T10:32:39Z">
    <groups>
    </groups>
    <test name="Command line test" duration-ms="11" started-at="2021-05-20T10:32:39Z" finished-at="2021-05-20T10:32:39Z">
      <class name="com.ibm.testScripts.FDTest">
        <test-method status="SKIP" signature="calculateFDTest()[pri:0, instance:com.ibm.testScripts.FDTest@6df97b55]" name="calculateFDTest" duration-ms="0" started-at="2021-05-20T16:02:39Z" finished-at="2021-05-20T16:02:39Z">
          <reporter-output>
          </reporter-output>
        </test-method> <!-- calculateFDTest -->
      </class> <!-- com.ibm.testScripts.FDTest -->
      <class name="com.ibm.testScripts.TopGainerTest">
        <test-method status="SKIP" signature="listCreateTest()[pri:0, instance:com.ibm.testScripts.TopGainerTest@3cbbc1e0]" name="listCreateTest" duration-ms="0" started-at="2021-05-20T16:02:39Z" finished-at="2021-05-20T16:02:39Z">
          <reporter-output>
          </reporter-output>
        </test-method> <!-- listCreateTest -->
      </class> <!-- com.ibm.testScripts.TopGainerTest -->
      <class name="com.ibm.testScripts.MutualFundTest">
        <test-method status="SKIP" signature="checkForData()[pri:0, instance:com.ibm.testScripts.MutualFundTest@35fb3008]" name="checkForData" duration-ms="0" started-at="2021-05-20T16:02:39Z" finished-at="2021-05-20T16:02:39Z">
          <reporter-output>
          </reporter-output>
        </test-method> <!-- checkForData -->
      </class> <!-- com.ibm.testScripts.MutualFundTest -->
      <class name="com.ibm.testScripts.CurrencyConvertorTest">
        <test-method status="SKIP" signature="startTest()[pri:0, instance:com.ibm.testScripts.CurrencyConvertorTest@7225790e]" name="startTest" is-config="true" duration-ms="0" started-at="2021-05-20T16:02:39Z" finished-at="2021-05-20T16:02:39Z">
          <reporter-output>
          </reporter-output>
        </test-method> <!-- startTest -->
        <test-method status="SKIP" signature="captureScreenShot()[pri:0, instance:com.ibm.testScripts.CurrencyConvertorTest@7225790e]" name="captureScreenShot" duration-ms="0" started-at="2021-05-20T16:02:39Z" finished-at="2021-05-20T16:02:39Z">
          <reporter-output>
          </reporter-output>
        </test-method> <!-- captureScreenShot -->
      </class> <!-- com.ibm.testScripts.CurrencyConvertorTest -->
      <class name="com.ibm.testScripts.SendMailTest">
        <test-method status="FAIL" signature="init(java.lang.String)[pri:0, instance:com.ibm.testScripts.SendMailTest@366e2eef]" name="init" is-config="true" duration-ms="0" started-at="2021-05-20T16:02:39Z" finished-at="2021-05-20T16:02:39Z">
          <params>
            <param index="0">
              <value is-null="true"/>
            </param>
          </params>
          <exception class="java.lang.NullPointerException">
            <full-stacktrace>
              <![CDATA[java.lang.NullPointerException
	at com.ibm.testUtility.TestBase.init(TestBase.java:32)
	at sun.reflect.NativeMethodAccessorImpl.invoke0(Native Method)
	at sun.reflect.NativeMethodAccessorImpl.invoke(NativeMethodAccessorImpl.java:62)
	at sun.reflect.DelegatingMethodAccessorImpl.invoke(DelegatingMethodAccessorImpl.java:43)
	at java.lang.reflect.Method.invoke(Method.java:498)
	at org.testng.internal.MethodInvocationHelper.invokeMethod(MethodInvocationHelper.java:86)
	at org.testng.internal.Invoker.invokeConfigurationMethod(Invoker.java:514)
	at org.testng.internal.Invoker.invokeConfigurations(Invoker.java:215)
	at org.testng.internal.Invoker.invokeConfigurations(Invoker.java:142)
	at org.testng.SuiteRunner.privateRun(SuiteRunner.java:305)
	at org.testng.SuiteRunner.run(SuiteRunner.java:268)
	at org.testng.SuiteRunnerWorker.runSuite(SuiteRunnerWorker.java:52)
	at org.testng.SuiteRunnerWorker.run(SuiteRunnerWorker.java:86)
	at org.testng.TestNG.runSuitesSequentially(TestNG.java:1244)
	at org.testng.TestNG.runSuitesLocally(TestNG.java:1169)
	at org.testng.TestNG.run(TestNG.java:1064)
	at org.apache.maven.surefire.testng.TestNGExecutor.run(TestNGExecutor.java:77)
	at org.apache.maven.surefire.testng.TestNGDirectoryTestSuite.executeMulti(TestNGDirectoryTestSuite.java:159)
	at org.apache.maven.surefire.testng.TestNGDirectoryTestSuite.execute(TestNGDirectoryTestSuite.java:99)
	at org.apache.maven.surefire.testng.TestNGProvider.invoke(TestNGProvider.java:106)
	at sun.reflect.NativeMethodAccessorImpl.invoke0(Native Method)
	at sun.reflect.NativeMethodAccessorImpl.invoke(NativeMethodAccessorImpl.java:62)
	at sun.reflect.DelegatingMethodAccessorImpl.invoke(DelegatingMethodAccessorImpl.java:43)
	at java.lang.reflect.Method.invoke(Method.java:498)
	at org.apache.maven.surefire.util.ReflectionUtils.invokeMethodWithArray(ReflectionUtils.java:189)
	at org.apache.maven.surefire.booter.ProviderFactory$ProviderProxy.invoke(ProviderFactory.java:165)
	at org.apache.maven.surefire.booter.ProviderFactory.invokeProvider(ProviderFactory.java:85)
	at org.apache.maven.surefire.booter.ForkedBooter.runSuitesInProcess(ForkedBooter.java:115)
	at org.apache.maven.surefire.booter.ForkedBooter.main(ForkedBooter.java:75)
]]>
            </full-stacktrace>
          </exception> <!-- java.lang.NullPointerException -->
          <reporter-output>
          </reporter-output>
        </test-method> <!-- init -->
        <test-method status="SKIP" signature="sendMail()[pri:0, instance:com.ibm.testScripts.SendMailTest@366e2eef]" name="sendMail" duration-ms="0" started-at="2021-05-20T16:02:39Z" finished-at="2021-05-20T16:02:39Z">
          <reporter-output>
          </reporter-output>
        </test-method> <!-- sendMail -->
      </class> <!-- com.ibm.testScripts.SendMailTest -->
    </test> <!-- Command line test -->
  </suite> <!-- Command line suite -->
</testng-results>
