<?xml version="1.0" encoding="UTF-8"?>
<testng-results skipped="0" failed="0" total="1" passed="1">
  <reporter-output>
  </reporter-output>
  <suite name="Login Test Suite" duration-ms="285284" started-at="2021-05-15T10:51:15Z" finished-at="2021-05-15T10:56:00Z">
    <groups>
    </groups>
    <test name="Validate Login" duration-ms="285284" started-at="2021-05-15T10:51:15Z" finished-at="2021-05-15T10:56:00Z">
      <class name="com.ibm.testScripts.CurrencyConvertorTest">
        <test-method status="PASS" signature="init(java.lang.String)[pri:0, instance:com.ibm.testScripts.CurrencyConvertorTest@5f341870]" name="init" is-config="true" duration-ms="54517" started-at="2021-05-15T16:20:20Z" finished-at="2021-05-15T16:21:15Z">
          <params>
            <param index="0">
              <value>
                <![CDATA[chrome]]>
              </value>
            </param>
          </params>
          <reporter-output>
          </reporter-output>
        </test-method> <!-- init -->
        <test-method status="PASS" signature="startTest()[pri:0, instance:com.ibm.testScripts.CurrencyConvertorTest@5f341870]" name="startTest" is-config="true" duration-ms="5114" started-at="2021-05-15T16:21:15Z" finished-at="2021-05-15T16:21:20Z">
          <reporter-output>
          </reporter-output>
        </test-method> <!-- startTest -->
        <test-method status="PASS" signature="captureScreenShot()[pri:0, instance:com.ibm.testScripts.CurrencyConvertorTest@5f341870]" name="captureScreenShot" duration-ms="280148" started-at="2021-05-15T16:21:20Z" finished-at="2021-05-15T16:26:00Z">
          <reporter-output>
          </reporter-output>
        </test-method> <!-- captureScreenShot -->
      </class> <!-- com.ibm.testScripts.CurrencyConvertorTest -->
    </test> <!-- Validate Login -->
  </suite> <!-- Login Test Suite -->
</testng-results>
